<?xml version="1.0" encoding="UTF-8"?>
<!DOCTYPE mapper
      PUBLIC "-//mybatis.org//DTD Mapper 3.0//EN"
   "http://mybatis.org/dtd/mybatis-3-mapper.dtd">
<mapper namespace="mapper.oracle.test">

<select id="selectBook" resultType="map">
	select book_id, book_nm, publisher, price
	  from book
</select>

<select id="selectCustomer" parameterType="String" resultType="map">
	select cust_id, cust_nm
	  from customer
	 where cust_id = #{value} 
</select>

<insert id="insertCustomer" parameterType="java.util.Map">
	insert into customer(cust_id, cust_nm, address, phone) values(#{custId},#{custNm},#{address},#{phone})
</insert>

</mapper>