<?xml version="1.0" encoding="UTF-8"?>
<!DOCTYPE mapper
      PUBLIC "-//mybatis.org//DTD Mapper 3.0//EN"
   "http://mybatis.org/dtd/mybatis-3-mapper.dtd">
<mapper namespace="mapper.oracle.test">

<select id="selectBook" resultType="map">
	select book_id, book_nm, publisher, price
	  from book
</select>

</mapper>